ftn -mcmodel=medium -c  -O2 -r8 -Mpreprocess -DCMTNEK -DMPI -DUNDERSCORE -DTIMER -DMPITIMER -DGLOBAL_LONG_LONG -I/ccs/home/adeesha/research/newlatestnek5000/Cmtnek-gpu/CMT/uniform_flow -I/ccs/home/adeesha/research/newlatestnek5000/Cmtnek-gpu/Nek5000/core -I./ -I /ccs/home/adeesha/research/newlatestnek5000/Cmtnek-gpu/Nek5000/core/cmt /ccs/home/adeesha/research/newlatestnek5000/Cmtnek-gpu/Nek5000/core/cmt/diffusive_cmt_gpu.cuf -o obj/diffusive_cmt_gpu.o
nvcc -c  -O3 -DCMTNEK -DMPI -DUNDERSCORE -DTIMER -DMPITIMER -DGLOBAL_LONG_LONG -I/ccs/home/adeesha/research/newlatestnek5000/Cmtnek-gpu/CMT/uniform_flow -I/ccs/home/adeesha/research/newlatestnek5000/Cmtnek-gpu/Nek5000/core -I./ -I /ccs/home/adeesha/research/newlatestnek5000/Cmtnek-gpu/Nek5000/core/cmt /ccs/home/adeesha/research/newlatestnek5000/Cmtnek-gpu/Nek5000/core/cmt/diffusive_cmt_cuda.cu -o obj/diffusive_cmt_cuda.o
/ccs/home/adeesha/research/newlatestnek5000/Cmtnek-gpu/Nek5000/core/cmt/diffusive_cmt_cuda.cu(18): warning: variable "z" was declared but never referenced

/ccs/home/adeesha/research/newlatestnek5000/Cmtnek-gpu/Nek5000/core/cmt/diffusive_cmt_cuda.cu(20): warning: variable "theta" was set but never used

/ccs/home/adeesha/research/newlatestnek5000/Cmtnek-gpu/Nek5000/core/cmt/diffusive_cmt_cuda.cu(23): warning: variable "ux" was declared but never referenced

/ccs/home/adeesha/research/newlatestnek5000/Cmtnek-gpu/Nek5000/core/cmt/diffusive_cmt_cuda.cu(24): warning: variable "uy" was declared but never referenced

/ccs/home/adeesha/research/newlatestnek5000/Cmtnek-gpu/Nek5000/core/cmt/diffusive_cmt_cuda.cu(25): warning: variable "uz" was declared but never referenced

/ccs/home/adeesha/research/newlatestnek5000/Cmtnek-gpu/Nek5000/core/cmt/diffusive_cmt_cuda.cu(26): warning: variable "temp" was declared but never referenced

/ccs/home/adeesha/research/newlatestnek5000/Cmtnek-gpu/Nek5000/core/cmt/diffusive_cmt_cuda.cu(28): warning: variable "ps" was set but never used

/ccs/home/adeesha/research/newlatestnek5000/Cmtnek-gpu/Nek5000/core/cmt/diffusive_cmt_cuda.cu(32): warning: variable "pa" was declared but never referenced

/ccs/home/adeesha/research/newlatestnek5000/Cmtnek-gpu/Nek5000/core/cmt/diffusive_cmt_cuda.cu(33): warning: variable "p0" was declared but never referenced

/ccs/home/adeesha/research/newlatestnek5000/Cmtnek-gpu/Nek5000/core/cmt/diffusive_cmt_cuda.cu(34): warning: variable "si2" was declared but never referenced

/ccs/home/adeesha/research/newlatestnek5000/Cmtnek-gpu/Nek5000/core/cmt/diffusive_cmt_cuda.cu(35): warning: variable "si3" was declared but never referenced

/ccs/home/adeesha/research/newlatestnek5000/Cmtnek-gpu/Nek5000/core/cmt/diffusive_cmt_cuda.cu(37): warning: variable "utrans" was set but never used

/ccs/home/adeesha/research/newlatestnek5000/Cmtnek-gpu/Nek5000/core/cmt/diffusive_cmt_cuda.cu(38): warning: variable "cbu1" was declared but never referenced

/ccs/home/adeesha/research/newlatestnek5000/Cmtnek-gpu/Nek5000/core/cmt/diffusive_cmt_cuda.cu(39): warning: variable "cbu2" was declared but never referenced

/ccs/home/adeesha/research/newlatestnek5000/Cmtnek-gpu/Nek5000/core/cmt/diffusive_cmt_cuda.cu(40): warning: variable "cbu3" was declared but never referenced

/ccs/home/adeesha/research/newlatestnek5000/Cmtnek-gpu/Nek5000/core/cmt/diffusive_cmt_cuda.cu(44): warning: variable "varsic" was set but never used

/ccs/home/adeesha/research/newlatestnek5000/Cmtnek-gpu/Nek5000/core/cmt/diffusive_cmt_cuda.cu(50): warning: variable "phi" was declared but never referenced

/ccs/home/adeesha/research/newlatestnek5000/Cmtnek-gpu/Nek5000/core/cmt/diffusive_cmt_cuda.cu(52): warning: variable "pres" was declared but never referenced

/ccs/home/adeesha/research/newlatestnek5000/Cmtnek-gpu/Nek5000/core/cmt/diffusive_cmt_cuda.cu(53): warning: variable "cv" was set but never used

/ccs/home/adeesha/research/newlatestnek5000/Cmtnek-gpu/Nek5000/core/cmt/diffusive_cmt_cuda.cu(53): warning: variable "cp" was set but never used

/ccs/home/adeesha/research/newlatestnek5000/Cmtnek-gpu/Nek5000/core/cmt/diffusive_cmt_cuda.cu(58): warning: variable "asnd" was declared but never referenced

/ccs/home/adeesha/research/newlatestnek5000/Cmtnek-gpu/Nek5000/core/cmt/diffusive_cmt_cuda.cu(183): warning: variable "z" was declared but never referenced

/ccs/home/adeesha/research/newlatestnek5000/Cmtnek-gpu/Nek5000/core/cmt/diffusive_cmt_cuda.cu(185): warning: variable "theta" was set but never used

/ccs/home/adeesha/research/newlatestnek5000/Cmtnek-gpu/Nek5000/core/cmt/diffusive_cmt_cuda.cu(193): warning: variable "ps" was set but never used

/ccs/home/adeesha/research/newlatestnek5000/Cmtnek-gpu/Nek5000/core/cmt/diffusive_cmt_cuda.cu(197): warning: variable "pa" was declared but never referenced

/ccs/home/adeesha/research/newlatestnek5000/Cmtnek-gpu/Nek5000/core/cmt/diffusive_cmt_cuda.cu(198): warning: variable "p0" was declared but never referenced

/ccs/home/adeesha/research/newlatestnek5000/Cmtnek-gpu/Nek5000/core/cmt/diffusive_cmt_cuda.cu(199): warning: variable "si2" was declared but never referenced

/ccs/home/adeesha/research/newlatestnek5000/Cmtnek-gpu/Nek5000/core/cmt/diffusive_cmt_cuda.cu(200): warning: variable "si3" was declared but never referenced

/ccs/home/adeesha/research/newlatestnek5000/Cmtnek-gpu/Nek5000/core/cmt/diffusive_cmt_cuda.cu(201): warning: variable "udiff" was set but never used

/ccs/home/adeesha/research/newlatestnek5000/Cmtnek-gpu/Nek5000/core/cmt/diffusive_cmt_cuda.cu(202): warning: variable "utrans" was declared but never referenced

/ccs/home/adeesha/research/newlatestnek5000/Cmtnek-gpu/Nek5000/core/cmt/diffusive_cmt_cuda.cu(203): warning: variable "cbu1" was declared but never referenced

/ccs/home/adeesha/research/newlatestnek5000/Cmtnek-gpu/Nek5000/core/cmt/diffusive_cmt_cuda.cu(204): warning: variable "cbu2" was declared but never referenced

/ccs/home/adeesha/research/newlatestnek5000/Cmtnek-gpu/Nek5000/core/cmt/diffusive_cmt_cuda.cu(205): warning: variable "cbu3" was declared but never referenced

/ccs/home/adeesha/research/newlatestnek5000/Cmtnek-gpu/Nek5000/core/cmt/diffusive_cmt_cuda.cu(209): warning: variable "varsic" was set but never used

/ccs/home/adeesha/research/newlatestnek5000/Cmtnek-gpu/Nek5000/core/cmt/diffusive_cmt_cuda.cu(216): warning: variable "pres" was declared but never referenced

/ccs/home/adeesha/research/newlatestnek5000/Cmtnek-gpu/Nek5000/core/cmt/diffusive_cmt_cuda.cu(217): warning: variable "cv" was set but never used

/ccs/home/adeesha/research/newlatestnek5000/Cmtnek-gpu/Nek5000/core/cmt/diffusive_cmt_cuda.cu(217): warning: variable "cp" was set but never used

/ccs/home/adeesha/research/newlatestnek5000/Cmtnek-gpu/Nek5000/core/cmt/diffusive_cmt_cuda.cu(222): warning: variable "asnd" was declared but never referenced

/ccs/home/adeesha/research/newlatestnek5000/Cmtnek-gpu/Nek5000/core/cmt/diffusive_cmt_cuda.cu(223): warning: variable "mu" was declared but never referenced

/ccs/home/adeesha/research/newlatestnek5000/Cmtnek-gpu/Nek5000/core/cmt/diffusive_cmt_cuda.cu(225): warning: variable "lambda" was declared but never referenced

/ccs/home/adeesha/research/newlatestnek5000/Cmtnek-gpu/Nek5000/core/cmt/diffusive_cmt_cuda.cu(227): warning: variable "molarmass" was declared but never referenced

/ccs/home/adeesha/research/newlatestnek5000/Cmtnek-gpu/Nek5000/core/cmt/diffusive_cmt_cuda.cu(269): warning: variable "z" was declared but never referenced

/ccs/home/adeesha/research/newlatestnek5000/Cmtnek-gpu/Nek5000/core/cmt/diffusive_cmt_cuda.cu(271): warning: variable "theta" was set but never used

/ccs/home/adeesha/research/newlatestnek5000/Cmtnek-gpu/Nek5000/core/cmt/diffusive_cmt_cuda.cu(279): warning: variable "ps" was set but never used

/ccs/home/adeesha/research/newlatestnek5000/Cmtnek-gpu/Nek5000/core/cmt/diffusive_cmt_cuda.cu(283): warning: variable "pa" was declared but never referenced

/ccs/home/adeesha/research/newlatestnek5000/Cmtnek-gpu/Nek5000/core/cmt/diffusive_cmt_cuda.cu(284): warning: variable "p0" was declared but never referenced

/ccs/home/adeesha/research/newlatestnek5000/Cmtnek-gpu/Nek5000/core/cmt/diffusive_cmt_cuda.cu(285): warning: variable "si2" was declared but never referenced

/ccs/home/adeesha/research/newlatestnek5000/Cmtnek-gpu/Nek5000/core/cmt/diffusive_cmt_cuda.cu(286): warning: variable "si3" was declared but never referenced

/ccs/home/adeesha/research/newlatestnek5000/Cmtnek-gpu/Nek5000/core/cmt/diffusive_cmt_cuda.cu(287): warning: variable "udiff" was set but never used

/ccs/home/adeesha/research/newlatestnek5000/Cmtnek-gpu/Nek5000/core/cmt/diffusive_cmt_cuda.cu(288): warning: variable "utrans" was declared but never referenced

/ccs/home/adeesha/research/newlatestnek5000/Cmtnek-gpu/Nek5000/core/cmt/diffusive_cmt_cuda.cu(289): warning: variable "cbu1" was declared but never referenced

/ccs/home/adeesha/research/newlatestnek5000/Cmtnek-gpu/Nek5000/core/cmt/diffusive_cmt_cuda.cu(290): warning: variable "cbu2" was declared but never referenced

/ccs/home/adeesha/research/newlatestnek5000/Cmtnek-gpu/Nek5000/core/cmt/diffusive_cmt_cuda.cu(291): warning: variable "cbu3" was declared but never referenced

/ccs/home/adeesha/research/newlatestnek5000/Cmtnek-gpu/Nek5000/core/cmt/diffusive_cmt_cuda.cu(295): warning: variable "varsic" was set but never used

/ccs/home/adeesha/research/newlatestnek5000/Cmtnek-gpu/Nek5000/core/cmt/diffusive_cmt_cuda.cu(302): warning: variable "pres" was declared but never referenced

/ccs/home/adeesha/research/newlatestnek5000/Cmtnek-gpu/Nek5000/core/cmt/diffusive_cmt_cuda.cu(303): warning: variable "cv" was set but never used

/ccs/home/adeesha/research/newlatestnek5000/Cmtnek-gpu/Nek5000/core/cmt/diffusive_cmt_cuda.cu(303): warning: variable "cp" was set but never used

/ccs/home/adeesha/research/newlatestnek5000/Cmtnek-gpu/Nek5000/core/cmt/diffusive_cmt_cuda.cu(308): warning: variable "asnd" was declared but never referenced

/ccs/home/adeesha/research/newlatestnek5000/Cmtnek-gpu/Nek5000/core/cmt/diffusive_cmt_cuda.cu(309): warning: variable "mu" was declared but never referenced

/ccs/home/adeesha/research/newlatestnek5000/Cmtnek-gpu/Nek5000/core/cmt/diffusive_cmt_cuda.cu(311): warning: variable "lambda" was declared but never referenced

/ccs/home/adeesha/research/newlatestnek5000/Cmtnek-gpu/Nek5000/core/cmt/diffusive_cmt_cuda.cu(313): warning: variable "molarmass" was declared but never referenced

/ccs/home/adeesha/research/newlatestnek5000/Cmtnek-gpu/Nek5000/core/cmt/diffusive_cmt_cuda.cu(355): warning: variable "z" was declared but never referenced

/ccs/home/adeesha/research/newlatestnek5000/Cmtnek-gpu/Nek5000/core/cmt/diffusive_cmt_cuda.cu(357): warning: variable "theta" was set but never used

/ccs/home/adeesha/research/newlatestnek5000/Cmtnek-gpu/Nek5000/core/cmt/diffusive_cmt_cuda.cu(365): warning: variable "ps" was set but never used

/ccs/home/adeesha/research/newlatestnek5000/Cmtnek-gpu/Nek5000/core/cmt/diffusive_cmt_cuda.cu(369): warning: variable "pa" was declared but never referenced

/ccs/home/adeesha/research/newlatestnek5000/Cmtnek-gpu/Nek5000/core/cmt/diffusive_cmt_cuda.cu(370): warning: variable "p0" was declared but never referenced

/ccs/home/adeesha/research/newlatestnek5000/Cmtnek-gpu/Nek5000/core/cmt/diffusive_cmt_cuda.cu(371): warning: variable "si2" was declared but never referenced

/ccs/home/adeesha/research/newlatestnek5000/Cmtnek-gpu/Nek5000/core/cmt/diffusive_cmt_cuda.cu(372): warning: variable "si3" was declared but never referenced

/ccs/home/adeesha/research/newlatestnek5000/Cmtnek-gpu/Nek5000/core/cmt/diffusive_cmt_cuda.cu(373): warning: variable "udiff" was set but never used

/ccs/home/adeesha/research/newlatestnek5000/Cmtnek-gpu/Nek5000/core/cmt/diffusive_cmt_cuda.cu(374): warning: variable "utrans" was declared but never referenced

/ccs/home/adeesha/research/newlatestnek5000/Cmtnek-gpu/Nek5000/core/cmt/diffusive_cmt_cuda.cu(375): warning: variable "cbu1" was declared but never referenced

/ccs/home/adeesha/research/newlatestnek5000/Cmtnek-gpu/Nek5000/core/cmt/diffusive_cmt_cuda.cu(376): warning: variable "cbu2" was declared but never referenced

/ccs/home/adeesha/research/newlatestnek5000/Cmtnek-gpu/Nek5000/core/cmt/diffusive_cmt_cuda.cu(377): warning: variable "cbu3" was declared but never referenced

/ccs/home/adeesha/research/newlatestnek5000/Cmtnek-gpu/Nek5000/core/cmt/diffusive_cmt_cuda.cu(381): warning: variable "varsic" was set but never used

/ccs/home/adeesha/research/newlatestnek5000/Cmtnek-gpu/Nek5000/core/cmt/diffusive_cmt_cuda.cu(388): warning: variable "pres" was declared but never referenced

/ccs/home/adeesha/research/newlatestnek5000/Cmtnek-gpu/Nek5000/core/cmt/diffusive_cmt_cuda.cu(389): warning: variable "cv" was set but never used

/ccs/home/adeesha/research/newlatestnek5000/Cmtnek-gpu/Nek5000/core/cmt/diffusive_cmt_cuda.cu(389): warning: variable "cp" was set but never used

/ccs/home/adeesha/research/newlatestnek5000/Cmtnek-gpu/Nek5000/core/cmt/diffusive_cmt_cuda.cu(394): warning: variable "asnd" was declared but never referenced

/ccs/home/adeesha/research/newlatestnek5000/Cmtnek-gpu/Nek5000/core/cmt/diffusive_cmt_cuda.cu(395): warning: variable "mu" was declared but never referenced

/ccs/home/adeesha/research/newlatestnek5000/Cmtnek-gpu/Nek5000/core/cmt/diffusive_cmt_cuda.cu(397): warning: variable "lambda" was declared but never referenced

/ccs/home/adeesha/research/newlatestnek5000/Cmtnek-gpu/Nek5000/core/cmt/diffusive_cmt_cuda.cu(399): warning: variable "molarmass" was declared but never referenced

/ccs/home/adeesha/research/newlatestnek5000/Cmtnek-gpu/Nek5000/core/cmt/diffusive_cmt_cuda.cu(441): warning: variable "z" was declared but never referenced

/ccs/home/adeesha/research/newlatestnek5000/Cmtnek-gpu/Nek5000/core/cmt/diffusive_cmt_cuda.cu(443): warning: variable "theta" was set but never used

/ccs/home/adeesha/research/newlatestnek5000/Cmtnek-gpu/Nek5000/core/cmt/diffusive_cmt_cuda.cu(451): warning: variable "ps" was set but never used

/ccs/home/adeesha/research/newlatestnek5000/Cmtnek-gpu/Nek5000/core/cmt/diffusive_cmt_cuda.cu(455): warning: variable "pa" was declared but never referenced

/ccs/home/adeesha/research/newlatestnek5000/Cmtnek-gpu/Nek5000/core/cmt/diffusive_cmt_cuda.cu(456): warning: variable "p0" was declared but never referenced

/ccs/home/adeesha/research/newlatestnek5000/Cmtnek-gpu/Nek5000/core/cmt/diffusive_cmt_cuda.cu(457): warning: variable "si2" was declared but never referenced

/ccs/home/adeesha/research/newlatestnek5000/Cmtnek-gpu/Nek5000/core/cmt/diffusive_cmt_cuda.cu(458): warning: variable "si3" was declared but never referenced

/ccs/home/adeesha/research/newlatestnek5000/Cmtnek-gpu/Nek5000/core/cmt/diffusive_cmt_cuda.cu(459): warning: variable "udiff" was set but never used

/ccs/home/adeesha/research/newlatestnek5000/Cmtnek-gpu/Nek5000/core/cmt/diffusive_cmt_cuda.cu(460): warning: variable "utrans" was declared but never referenced

/ccs/home/adeesha/research/newlatestnek5000/Cmtnek-gpu/Nek5000/core/cmt/diffusive_cmt_cuda.cu(461): warning: variable "cbu1" was declared but never referenced

/ccs/home/adeesha/research/newlatestnek5000/Cmtnek-gpu/Nek5000/core/cmt/diffusive_cmt_cuda.cu(462): warning: variable "cbu2" was declared but never referenced

/ccs/home/adeesha/research/newlatestnek5000/Cmtnek-gpu/Nek5000/core/cmt/diffusive_cmt_cuda.cu(463): warning: variable "cbu3" was declared but never referenced

/ccs/home/adeesha/research/newlatestnek5000/Cmtnek-gpu/Nek5000/core/cmt/diffusive_cmt_cuda.cu(467): warning: variable "varsic" was set but never used

/ccs/home/adeesha/research/newlatestnek5000/Cmtnek-gpu/Nek5000/core/cmt/diffusive_cmt_cuda.cu(474): warning: variable "pres" was declared but never referenced

/ccs/home/adeesha/research/newlatestnek5000/Cmtnek-gpu/Nek5000/core/cmt/diffusive_cmt_cuda.cu(475): warning: variable "cv" was set but never used

/ccs/home/adeesha/research/newlatestnek5000/Cmtnek-gpu/Nek5000/core/cmt/diffusive_cmt_cuda.cu(475): warning: variable "cp" was set but never used

/ccs/home/adeesha/research/newlatestnek5000/Cmtnek-gpu/Nek5000/core/cmt/diffusive_cmt_cuda.cu(480): warning: variable "asnd" was declared but never referenced

/ccs/home/adeesha/research/newlatestnek5000/Cmtnek-gpu/Nek5000/core/cmt/diffusive_cmt_cuda.cu(481): warning: variable "mu" was declared but never referenced

/ccs/home/adeesha/research/newlatestnek5000/Cmtnek-gpu/Nek5000/core/cmt/diffusive_cmt_cuda.cu(483): warning: variable "lambda" was declared but never referenced

/ccs/home/adeesha/research/newlatestnek5000/Cmtnek-gpu/Nek5000/core/cmt/diffusive_cmt_cuda.cu(485): warning: variable "molarmass" was declared but never referenced

/ccs/home/adeesha/research/newlatestnek5000/Cmtnek-gpu/Nek5000/core/cmt/diffusive_cmt_cuda.cu(526): warning: variable "z" was declared but never referenced

/ccs/home/adeesha/research/newlatestnek5000/Cmtnek-gpu/Nek5000/core/cmt/diffusive_cmt_cuda.cu(528): warning: variable "theta" was set but never used

/ccs/home/adeesha/research/newlatestnek5000/Cmtnek-gpu/Nek5000/core/cmt/diffusive_cmt_cuda.cu(536): warning: variable "ps" was set but never used

/ccs/home/adeesha/research/newlatestnek5000/Cmtnek-gpu/Nek5000/core/cmt/diffusive_cmt_cuda.cu(540): warning: variable "pa" was declared but never referenced

/ccs/home/adeesha/research/newlatestnek5000/Cmtnek-gpu/Nek5000/core/cmt/diffusive_cmt_cuda.cu(541): warning: variable "p0" was declared but never referenced

/ccs/home/adeesha/research/newlatestnek5000/Cmtnek-gpu/Nek5000/core/cmt/diffusive_cmt_cuda.cu(542): warning: variable "si2" was declared but never referenced

/ccs/home/adeesha/research/newlatestnek5000/Cmtnek-gpu/Nek5000/core/cmt/diffusive_cmt_cuda.cu(543): warning: variable "si3" was declared but never referenced

/ccs/home/adeesha/research/newlatestnek5000/Cmtnek-gpu/Nek5000/core/cmt/diffusive_cmt_cuda.cu(544): warning: variable "udiff" was set but never used

/ccs/home/adeesha/research/newlatestnek5000/Cmtnek-gpu/Nek5000/core/cmt/diffusive_cmt_cuda.cu(545): warning: variable "utrans" was declared but never referenced

/ccs/home/adeesha/research/newlatestnek5000/Cmtnek-gpu/Nek5000/core/cmt/diffusive_cmt_cuda.cu(546): warning: variable "cbu1" was declared but never referenced

/ccs/home/adeesha/research/newlatestnek5000/Cmtnek-gpu/Nek5000/core/cmt/diffusive_cmt_cuda.cu(547): warning: variable "cbu2" was declared but never referenced

/ccs/home/adeesha/research/newlatestnek5000/Cmtnek-gpu/Nek5000/core/cmt/diffusive_cmt_cuda.cu(548): warning: variable "cbu3" was declared but never referenced

/ccs/home/adeesha/research/newlatestnek5000/Cmtnek-gpu/Nek5000/core/cmt/diffusive_cmt_cuda.cu(552): warning: variable "varsic" was set but never used

/ccs/home/adeesha/research/newlatestnek5000/Cmtnek-gpu/Nek5000/core/cmt/diffusive_cmt_cuda.cu(559): warning: variable "pres" was declared but never referenced

/ccs/home/adeesha/research/newlatestnek5000/Cmtnek-gpu/Nek5000/core/cmt/diffusive_cmt_cuda.cu(560): warning: variable "cv" was set but never used

/ccs/home/adeesha/research/newlatestnek5000/Cmtnek-gpu/Nek5000/core/cmt/diffusive_cmt_cuda.cu(560): warning: variable "cp" was set but never used

/ccs/home/adeesha/research/newlatestnek5000/Cmtnek-gpu/Nek5000/core/cmt/diffusive_cmt_cuda.cu(565): warning: variable "asnd" was declared but never referenced

/ccs/home/adeesha/research/newlatestnek5000/Cmtnek-gpu/Nek5000/core/cmt/diffusive_cmt_cuda.cu(566): warning: variable "mu" was declared but never referenced

/ccs/home/adeesha/research/newlatestnek5000/Cmtnek-gpu/Nek5000/core/cmt/diffusive_cmt_cuda.cu(568): warning: variable "lambda" was declared but never referenced

/ccs/home/adeesha/research/newlatestnek5000/Cmtnek-gpu/Nek5000/core/cmt/diffusive_cmt_cuda.cu(570): warning: variable "molarmass" was declared but never referenced

/ccs/home/adeesha/research/newlatestnek5000/Cmtnek-gpu/Nek5000/core/cmt/diffusive_cmt_cuda.cu(614): warning: variable "z" was declared but never referenced

/ccs/home/adeesha/research/newlatestnek5000/Cmtnek-gpu/Nek5000/core/cmt/diffusive_cmt_cuda.cu(616): warning: variable "theta" was set but never used

/ccs/home/adeesha/research/newlatestnek5000/Cmtnek-gpu/Nek5000/core/cmt/diffusive_cmt_cuda.cu(624): warning: variable "ps" was set but never used

/ccs/home/adeesha/research/newlatestnek5000/Cmtnek-gpu/Nek5000/core/cmt/diffusive_cmt_cuda.cu(628): warning: variable "pa" was declared but never referenced

/ccs/home/adeesha/research/newlatestnek5000/Cmtnek-gpu/Nek5000/core/cmt/diffusive_cmt_cuda.cu(629): warning: variable "p0" was declared but never referenced

/ccs/home/adeesha/research/newlatestnek5000/Cmtnek-gpu/Nek5000/core/cmt/diffusive_cmt_cuda.cu(630): warning: variable "si2" was declared but never referenced

/ccs/home/adeesha/research/newlatestnek5000/Cmtnek-gpu/Nek5000/core/cmt/diffusive_cmt_cuda.cu(631): warning: variable "si3" was declared but never referenced

/ccs/home/adeesha/research/newlatestnek5000/Cmtnek-gpu/Nek5000/core/cmt/diffusive_cmt_cuda.cu(632): warning: variable "udiff" was set but never used

/ccs/home/adeesha/research/newlatestnek5000/Cmtnek-gpu/Nek5000/core/cmt/diffusive_cmt_cuda.cu(633): warning: variable "utrans" was declared but never referenced

/ccs/home/adeesha/research/newlatestnek5000/Cmtnek-gpu/Nek5000/core/cmt/diffusive_cmt_cuda.cu(634): warning: variable "cbu1" was declared but never referenced

/ccs/home/adeesha/research/newlatestnek5000/Cmtnek-gpu/Nek5000/core/cmt/diffusive_cmt_cuda.cu(635): warning: variable "cbu2" was declared but never referenced

/ccs/home/adeesha/research/newlatestnek5000/Cmtnek-gpu/Nek5000/core/cmt/diffusive_cmt_cuda.cu(636): warning: variable "cbu3" was declared but never referenced

/ccs/home/adeesha/research/newlatestnek5000/Cmtnek-gpu/Nek5000/core/cmt/diffusive_cmt_cuda.cu(640): warning: variable "varsic" was set but never used

/ccs/home/adeesha/research/newlatestnek5000/Cmtnek-gpu/Nek5000/core/cmt/diffusive_cmt_cuda.cu(647): warning: variable "pres" was declared but never referenced

/ccs/home/adeesha/research/newlatestnek5000/Cmtnek-gpu/Nek5000/core/cmt/diffusive_cmt_cuda.cu(648): warning: variable "cv" was set but never used

/ccs/home/adeesha/research/newlatestnek5000/Cmtnek-gpu/Nek5000/core/cmt/diffusive_cmt_cuda.cu(648): warning: variable "cp" was set but never used

/ccs/home/adeesha/research/newlatestnek5000/Cmtnek-gpu/Nek5000/core/cmt/diffusive_cmt_cuda.cu(653): warning: variable "asnd" was declared but never referenced

/ccs/home/adeesha/research/newlatestnek5000/Cmtnek-gpu/Nek5000/core/cmt/diffusive_cmt_cuda.cu(654): warning: variable "mu" was declared but never referenced

/ccs/home/adeesha/research/newlatestnek5000/Cmtnek-gpu/Nek5000/core/cmt/diffusive_cmt_cuda.cu(656): warning: variable "lambda" was declared but never referenced

/ccs/home/adeesha/research/newlatestnek5000/Cmtnek-gpu/Nek5000/core/cmt/diffusive_cmt_cuda.cu(658): warning: variable "molarmass" was declared but never referenced

/ccs/home/adeesha/research/newlatestnek5000/Cmtnek-gpu/Nek5000/core/cmt/diffusive_cmt_cuda.cu(174): warning: variable "ieg" was declared but never referenced

/ccs/home/adeesha/research/newlatestnek5000/Cmtnek-gpu/Nek5000/core/cmt/diffusive_cmt_cuda.cu(692): warning: variable "iy" was declared but never referenced

/ccs/home/adeesha/research/newlatestnek5000/Cmtnek-gpu/Nek5000/core/cmt/diffusive_cmt_cuda.cu(693): warning: variable "iz" was declared but never referenced

/ccs/home/adeesha/research/newlatestnek5000/Cmtnek-gpu/Nek5000/core/cmt/diffusive_cmt_cuda.cu(694): warning: variable "ix" was declared but never referenced

/ccs/home/adeesha/research/newlatestnek5000/Cmtnek-gpu/Nek5000/core/cmt/diffusive_cmt_cuda.cu(170): warning: variable "cb2" was declared but never referenced

/ccs/home/adeesha/research/newlatestnek5000/Cmtnek-gpu/Nek5000/core/cmt/diffusive_cmt_cuda.cu(171): warning: variable "cb3" was declared but never referenced

/ccs/home/adeesha/research/newlatestnek5000/Cmtnek-gpu/Nek5000/core/cmt/diffusive_cmt_cuda.cu(18): warning: variable "z" was declared but never referenced

/ccs/home/adeesha/research/newlatestnek5000/Cmtnek-gpu/Nek5000/core/cmt/diffusive_cmt_cuda.cu(20): warning: variable "theta" was set but never used

/ccs/home/adeesha/research/newlatestnek5000/Cmtnek-gpu/Nek5000/core/cmt/diffusive_cmt_cuda.cu(23): warning: variable "ux" was declared but never referenced

/ccs/home/adeesha/research/newlatestnek5000/Cmtnek-gpu/Nek5000/core/cmt/diffusive_cmt_cuda.cu(24): warning: variable "uy" was declared but never referenced

/ccs/home/adeesha/research/newlatestnek5000/Cmtnek-gpu/Nek5000/core/cmt/diffusive_cmt_cuda.cu(25): warning: variable "uz" was declared but never referenced

/ccs/home/adeesha/research/newlatestnek5000/Cmtnek-gpu/Nek5000/core/cmt/diffusive_cmt_cuda.cu(26): warning: variable "temp" was declared but never referenced

/ccs/home/adeesha/research/newlatestnek5000/Cmtnek-gpu/Nek5000/core/cmt/diffusive_cmt_cuda.cu(28): warning: variable "ps" was set but never used

/ccs/home/adeesha/research/newlatestnek5000/Cmtnek-gpu/Nek5000/core/cmt/diffusive_cmt_cuda.cu(32): warning: variable "pa" was declared but never referenced

/ccs/home/adeesha/research/newlatestnek5000/Cmtnek-gpu/Nek5000/core/cmt/diffusive_cmt_cuda.cu(33): warning: variable "p0" was declared but never referenced

/ccs/home/adeesha/research/newlatestnek5000/Cmtnek-gpu/Nek5000/core/cmt/diffusive_cmt_cuda.cu(34): warning: variable "si2" was declared but never referenced

/ccs/home/adeesha/research/newlatestnek5000/Cmtnek-gpu/Nek5000/core/cmt/diffusive_cmt_cuda.cu(35): warning: variable "si3" was declared but never referenced

/ccs/home/adeesha/research/newlatestnek5000/Cmtnek-gpu/Nek5000/core/cmt/diffusive_cmt_cuda.cu(37): warning: variable "utrans" was set but never used

/ccs/home/adeesha/research/newlatestnek5000/Cmtnek-gpu/Nek5000/core/cmt/diffusive_cmt_cuda.cu(38): warning: variable "cbu1" was declared but never referenced

/ccs/home/adeesha/research/newlatestnek5000/Cmtnek-gpu/Nek5000/core/cmt/diffusive_cmt_cuda.cu(39): warning: variable "cbu2" was declared but never referenced

/ccs/home/adeesha/research/newlatestnek5000/Cmtnek-gpu/Nek5000/core/cmt/diffusive_cmt_cuda.cu(40): warning: variable "cbu3" was declared but never referenced

/ccs/home/adeesha/research/newlatestnek5000/Cmtnek-gpu/Nek5000/core/cmt/diffusive_cmt_cuda.cu(44): warning: variable "varsic" was set but never used

/ccs/home/adeesha/research/newlatestnek5000/Cmtnek-gpu/Nek5000/core/cmt/diffusive_cmt_cuda.cu(50): warning: variable "phi" was declared but never referenced

/ccs/home/adeesha/research/newlatestnek5000/Cmtnek-gpu/Nek5000/core/cmt/diffusive_cmt_cuda.cu(52): warning: variable "pres" was declared but never referenced

/ccs/home/adeesha/research/newlatestnek5000/Cmtnek-gpu/Nek5000/core/cmt/diffusive_cmt_cuda.cu(53): warning: variable "cv" was set but never used

/ccs/home/adeesha/research/newlatestnek5000/Cmtnek-gpu/Nek5000/core/cmt/diffusive_cmt_cuda.cu(53): warning: variable "cp" was set but never used

/ccs/home/adeesha/research/newlatestnek5000/Cmtnek-gpu/Nek5000/core/cmt/diffusive_cmt_cuda.cu(58): warning: variable "asnd" was declared but never referenced

/ccs/home/adeesha/research/newlatestnek5000/Cmtnek-gpu/Nek5000/core/cmt/diffusive_cmt_cuda.cu(183): warning: variable "z" was declared but never referenced

/ccs/home/adeesha/research/newlatestnek5000/Cmtnek-gpu/Nek5000/core/cmt/diffusive_cmt_cuda.cu(185): warning: variable "theta" was set but never used

/ccs/home/adeesha/research/newlatestnek5000/Cmtnek-gpu/Nek5000/core/cmt/diffusive_cmt_cuda.cu(193): warning: variable "ps" was set but never used

/ccs/home/adeesha/research/newlatestnek5000/Cmtnek-gpu/Nek5000/core/cmt/diffusive_cmt_cuda.cu(197): warning: variable "pa" was declared but never referenced

/ccs/home/adeesha/research/newlatestnek5000/Cmtnek-gpu/Nek5000/core/cmt/diffusive_cmt_cuda.cu(198): warning: variable "p0" was declared but never referenced

/ccs/home/adeesha/research/newlatestnek5000/Cmtnek-gpu/Nek5000/core/cmt/diffusive_cmt_cuda.cu(199): warning: variable "si2" was declared but never referenced

/ccs/home/adeesha/research/newlatestnek5000/Cmtnek-gpu/Nek5000/core/cmt/diffusive_cmt_cuda.cu(200): warning: variable "si3" was declared but never referenced

/ccs/home/adeesha/research/newlatestnek5000/Cmtnek-gpu/Nek5000/core/cmt/diffusive_cmt_cuda.cu(201): warning: variable "udiff" was set but never used

/ccs/home/adeesha/research/newlatestnek5000/Cmtnek-gpu/Nek5000/core/cmt/diffusive_cmt_cuda.cu(202): warning: variable "utrans" was declared but never referenced

/ccs/home/adeesha/research/newlatestnek5000/Cmtnek-gpu/Nek5000/core/cmt/diffusive_cmt_cuda.cu(203): warning: variable "cbu1" was declared but never referenced

/ccs/home/adeesha/research/newlatestnek5000/Cmtnek-gpu/Nek5000/core/cmt/diffusive_cmt_cuda.cu(204): warning: variable "cbu2" was declared but never referenced

/ccs/home/adeesha/research/newlatestnek5000/Cmtnek-gpu/Nek5000/core/cmt/diffusive_cmt_cuda.cu(205): warning: variable "cbu3" was declared but never referenced

/ccs/home/adeesha/research/newlatestnek5000/Cmtnek-gpu/Nek5000/core/cmt/diffusive_cmt_cuda.cu(209): warning: variable "varsic" was set but never used

/ccs/home/adeesha/research/newlatestnek5000/Cmtnek-gpu/Nek5000/core/cmt/diffusive_cmt_cuda.cu(216): warning: variable "pres" was declared but never referenced

/ccs/home/adeesha/research/newlatestnek5000/Cmtnek-gpu/Nek5000/core/cmt/diffusive_cmt_cuda.cu(217): warning: variable "cv" was set but never used

/ccs/home/adeesha/research/newlatestnek5000/Cmtnek-gpu/Nek5000/core/cmt/diffusive_cmt_cuda.cu(217): warning: variable "cp" was set but never used

/ccs/home/adeesha/research/newlatestnek5000/Cmtnek-gpu/Nek5000/core/cmt/diffusive_cmt_cuda.cu(222): warning: variable "asnd" was declared but never referenced

/ccs/home/adeesha/research/newlatestnek5000/Cmtnek-gpu/Nek5000/core/cmt/diffusive_cmt_cuda.cu(223): warning: variable "mu" was declared but never referenced

/ccs/home/adeesha/research/newlatestnek5000/Cmtnek-gpu/Nek5000/core/cmt/diffusive_cmt_cuda.cu(225): warning: variable "lambda" was declared but never referenced

/ccs/home/adeesha/research/newlatestnek5000/Cmtnek-gpu/Nek5000/core/cmt/diffusive_cmt_cuda.cu(227): warning: variable "molarmass" was declared but never referenced

/ccs/home/adeesha/research/newlatestnek5000/Cmtnek-gpu/Nek5000/core/cmt/diffusive_cmt_cuda.cu(269): warning: variable "z" was declared but never referenced

/ccs/home/adeesha/research/newlatestnek5000/Cmtnek-gpu/Nek5000/core/cmt/diffusive_cmt_cuda.cu(271): warning: variable "theta" was set but never used

/ccs/home/adeesha/research/newlatestnek5000/Cmtnek-gpu/Nek5000/core/cmt/diffusive_cmt_cuda.cu(279): warning: variable "ps" was set but never used

/ccs/home/adeesha/research/newlatestnek5000/Cmtnek-gpu/Nek5000/core/cmt/diffusive_cmt_cuda.cu(283): warning: variable "pa" was declared but never referenced

/ccs/home/adeesha/research/newlatestnek5000/Cmtnek-gpu/Nek5000/core/cmt/diffusive_cmt_cuda.cu(284): warning: variable "p0" was declared but never referenced

/ccs/home/adeesha/research/newlatestnek5000/Cmtnek-gpu/Nek5000/core/cmt/diffusive_cmt_cuda.cu(285): warning: variable "si2" was declared but never referenced

/ccs/home/adeesha/research/newlatestnek5000/Cmtnek-gpu/Nek5000/core/cmt/diffusive_cmt_cuda.cu(286): warning: variable "si3" was declared but never referenced

/ccs/home/adeesha/research/newlatestnek5000/Cmtnek-gpu/Nek5000/core/cmt/diffusive_cmt_cuda.cu(287): warning: variable "udiff" was set but never used

/ccs/home/adeesha/research/newlatestnek5000/Cmtnek-gpu/Nek5000/core/cmt/diffusive_cmt_cuda.cu(288): warning: variable "utrans" was declared but never referenced

/ccs/home/adeesha/research/newlatestnek5000/Cmtnek-gpu/Nek5000/core/cmt/diffusive_cmt_cuda.cu(289): warning: variable "cbu1" was declared but never referenced

/ccs/home/adeesha/research/newlatestnek5000/Cmtnek-gpu/Nek5000/core/cmt/diffusive_cmt_cuda.cu(290): warning: variable "cbu2" was declared but never referenced

/ccs/home/adeesha/research/newlatestnek5000/Cmtnek-gpu/Nek5000/core/cmt/diffusive_cmt_cuda.cu(291): warning: variable "cbu3" was declared but never referenced

/ccs/home/adeesha/research/newlatestnek5000/Cmtnek-gpu/Nek5000/core/cmt/diffusive_cmt_cuda.cu(295): warning: variable "varsic" was set but never used

/ccs/home/adeesha/research/newlatestnek5000/Cmtnek-gpu/Nek5000/core/cmt/diffusive_cmt_cuda.cu(302): warning: variable "pres" was declared but never referenced

/ccs/home/adeesha/research/newlatestnek5000/Cmtnek-gpu/Nek5000/core/cmt/diffusive_cmt_cuda.cu(303): warning: variable "cv" was set but never used

/ccs/home/adeesha/research/newlatestnek5000/Cmtnek-gpu/Nek5000/core/cmt/diffusive_cmt_cuda.cu(303): warning: variable "cp" was set but never used

/ccs/home/adeesha/research/newlatestnek5000/Cmtnek-gpu/Nek5000/core/cmt/diffusive_cmt_cuda.cu(308): warning: variable "asnd" was declared but never referenced

/ccs/home/adeesha/research/newlatestnek5000/Cmtnek-gpu/Nek5000/core/cmt/diffusive_cmt_cuda.cu(309): warning: variable "mu" was declared but never referenced

/ccs/home/adeesha/research/newlatestnek5000/Cmtnek-gpu/Nek5000/core/cmt/diffusive_cmt_cuda.cu(311): warning: variable "lambda" was declared but never referenced

/ccs/home/adeesha/research/newlatestnek5000/Cmtnek-gpu/Nek5000/core/cmt/diffusive_cmt_cuda.cu(313): warning: variable "molarmass" was declared but never referenced

/ccs/home/adeesha/research/newlatestnek5000/Cmtnek-gpu/Nek5000/core/cmt/diffusive_cmt_cuda.cu(355): warning: variable "z" was declared but never referenced

/ccs/home/adeesha/research/newlatestnek5000/Cmtnek-gpu/Nek5000/core/cmt/diffusive_cmt_cuda.cu(357): warning: variable "theta" was set but never used

/ccs/home/adeesha/research/newlatestnek5000/Cmtnek-gpu/Nek5000/core/cmt/diffusive_cmt_cuda.cu(365): warning: variable "ps" was set but never used

/ccs/home/adeesha/research/newlatestnek5000/Cmtnek-gpu/Nek5000/core/cmt/diffusive_cmt_cuda.cu(369): warning: variable "pa" was declared but never referenced

/ccs/home/adeesha/research/newlatestnek5000/Cmtnek-gpu/Nek5000/core/cmt/diffusive_cmt_cuda.cu(370): warning: variable "p0" was declared but never referenced

/ccs/home/adeesha/research/newlatestnek5000/Cmtnek-gpu/Nek5000/core/cmt/diffusive_cmt_cuda.cu(371): warning: variable "si2" was declared but never referenced

/ccs/home/adeesha/research/newlatestnek5000/Cmtnek-gpu/Nek5000/core/cmt/diffusive_cmt_cuda.cu(372): warning: variable "si3" was declared but never referenced

/ccs/home/adeesha/research/newlatestnek5000/Cmtnek-gpu/Nek5000/core/cmt/diffusive_cmt_cuda.cu(373): warning: variable "udiff" was set but never used

/ccs/home/adeesha/research/newlatestnek5000/Cmtnek-gpu/Nek5000/core/cmt/diffusive_cmt_cuda.cu(374): warning: variable "utrans" was declared but never referenced

/ccs/home/adeesha/research/newlatestnek5000/Cmtnek-gpu/Nek5000/core/cmt/diffusive_cmt_cuda.cu(375): warning: variable "cbu1" was declared but never referenced

/ccs/home/adeesha/research/newlatestnek5000/Cmtnek-gpu/Nek5000/core/cmt/diffusive_cmt_cuda.cu(376): warning: variable "cbu2" was declared but never referenced

/ccs/home/adeesha/research/newlatestnek5000/Cmtnek-gpu/Nek5000/core/cmt/diffusive_cmt_cuda.cu(377): warning: variable "cbu3" was declared but never referenced

/ccs/home/adeesha/research/newlatestnek5000/Cmtnek-gpu/Nek5000/core/cmt/diffusive_cmt_cuda.cu(381): warning: variable "varsic" was set but never used

/ccs/home/adeesha/research/newlatestnek5000/Cmtnek-gpu/Nek5000/core/cmt/diffusive_cmt_cuda.cu(388): warning: variable "pres" was declared but never referenced

/ccs/home/adeesha/research/newlatestnek5000/Cmtnek-gpu/Nek5000/core/cmt/diffusive_cmt_cuda.cu(389): warning: variable "cv" was set but never used

/ccs/home/adeesha/research/newlatestnek5000/Cmtnek-gpu/Nek5000/core/cmt/diffusive_cmt_cuda.cu(389): warning: variable "cp" was set but never used

/ccs/home/adeesha/research/newlatestnek5000/Cmtnek-gpu/Nek5000/core/cmt/diffusive_cmt_cuda.cu(394): warning: variable "asnd" was declared but never referenced

/ccs/home/adeesha/research/newlatestnek5000/Cmtnek-gpu/Nek5000/core/cmt/diffusive_cmt_cuda.cu(395): warning: variable "mu" was declared but never referenced

/ccs/home/adeesha/research/newlatestnek5000/Cmtnek-gpu/Nek5000/core/cmt/diffusive_cmt_cuda.cu(397): warning: variable "lambda" was declared but never referenced

/ccs/home/adeesha/research/newlatestnek5000/Cmtnek-gpu/Nek5000/core/cmt/diffusive_cmt_cuda.cu(399): warning: variable "molarmass" was declared but never referenced

/ccs/home/adeesha/research/newlatestnek5000/Cmtnek-gpu/Nek5000/core/cmt/diffusive_cmt_cuda.cu(441): warning: variable "z" was declared but never referenced

/ccs/home/adeesha/research/newlatestnek5000/Cmtnek-gpu/Nek5000/core/cmt/diffusive_cmt_cuda.cu(443): warning: variable "theta" was set but never used

/ccs/home/adeesha/research/newlatestnek5000/Cmtnek-gpu/Nek5000/core/cmt/diffusive_cmt_cuda.cu(451): warning: variable "ps" was set but never used

/ccs/home/adeesha/research/newlatestnek5000/Cmtnek-gpu/Nek5000/core/cmt/diffusive_cmt_cuda.cu(455): warning: variable "pa" was declared but never referenced

/ccs/home/adeesha/research/newlatestnek5000/Cmtnek-gpu/Nek5000/core/cmt/diffusive_cmt_cuda.cu(456): warning: variable "p0" was declared but never referenced

/ccs/home/adeesha/research/newlatestnek5000/Cmtnek-gpu/Nek5000/core/cmt/diffusive_cmt_cuda.cu(457): warning: variable "si2" was declared but never referenced

/ccs/home/adeesha/research/newlatestnek5000/Cmtnek-gpu/Nek5000/core/cmt/diffusive_cmt_cuda.cu(458): warning: variable "si3" was declared but never referenced

/ccs/home/adeesha/research/newlatestnek5000/Cmtnek-gpu/Nek5000/core/cmt/diffusive_cmt_cuda.cu(459): warning: variable "udiff" was set but never used

/ccs/home/adeesha/research/newlatestnek5000/Cmtnek-gpu/Nek5000/core/cmt/diffusive_cmt_cuda.cu(460): warning: variable "utrans" was declared but never referenced

/ccs/home/adeesha/research/newlatestnek5000/Cmtnek-gpu/Nek5000/core/cmt/diffusive_cmt_cuda.cu(461): warning: variable "cbu1" was declared but never referenced

/ccs/home/adeesha/research/newlatestnek5000/Cmtnek-gpu/Nek5000/core/cmt/diffusive_cmt_cuda.cu(462): warning: variable "cbu2" was declared but never referenced

/ccs/home/adeesha/research/newlatestnek5000/Cmtnek-gpu/Nek5000/core/cmt/diffusive_cmt_cuda.cu(463): warning: variable "cbu3" was declared but never referenced

/ccs/home/adeesha/research/newlatestnek5000/Cmtnek-gpu/Nek5000/core/cmt/diffusive_cmt_cuda.cu(467): warning: variable "varsic" was set but never used

/ccs/home/adeesha/research/newlatestnek5000/Cmtnek-gpu/Nek5000/core/cmt/diffusive_cmt_cuda.cu(474): warning: variable "pres" was declared but never referenced

/ccs/home/adeesha/research/newlatestnek5000/Cmtnek-gpu/Nek5000/core/cmt/diffusive_cmt_cuda.cu(475): warning: variable "cv" was set but never used

/ccs/home/adeesha/research/newlatestnek5000/Cmtnek-gpu/Nek5000/core/cmt/diffusive_cmt_cuda.cu(475): warning: variable "cp" was set but never used

/ccs/home/adeesha/research/newlatestnek5000/Cmtnek-gpu/Nek5000/core/cmt/diffusive_cmt_cuda.cu(480): warning: variable "asnd" was declared but never referenced

/ccs/home/adeesha/research/newlatestnek5000/Cmtnek-gpu/Nek5000/core/cmt/diffusive_cmt_cuda.cu(481): warning: variable "mu" was declared but never referenced

/ccs/home/adeesha/research/newlatestnek5000/Cmtnek-gpu/Nek5000/core/cmt/diffusive_cmt_cuda.cu(483): warning: variable "lambda" was declared but never referenced

/ccs/home/adeesha/research/newlatestnek5000/Cmtnek-gpu/Nek5000/core/cmt/diffusive_cmt_cuda.cu(485): warning: variable "molarmass" was declared but never referenced

/ccs/home/adeesha/research/newlatestnek5000/Cmtnek-gpu/Nek5000/core/cmt/diffusive_cmt_cuda.cu(526): warning: variable "z" was declared but never referenced

/ccs/home/adeesha/research/newlatestnek5000/Cmtnek-gpu/Nek5000/core/cmt/diffusive_cmt_cuda.cu(528): warning: variable "theta" was set but never used

/ccs/home/adeesha/research/newlatestnek5000/Cmtnek-gpu/Nek5000/core/cmt/diffusive_cmt_cuda.cu(536): warning: variable "ps" was set but never used

/ccs/home/adeesha/research/newlatestnek5000/Cmtnek-gpu/Nek5000/core/cmt/diffusive_cmt_cuda.cu(540): warning: variable "pa" was declared but never referenced

/ccs/home/adeesha/research/newlatestnek5000/Cmtnek-gpu/Nek5000/core/cmt/diffusive_cmt_cuda.cu(541): warning: variable "p0" was declared but never referenced

/ccs/home/adeesha/research/newlatestnek5000/Cmtnek-gpu/Nek5000/core/cmt/diffusive_cmt_cuda.cu(542): warning: variable "si2" was declared but never referenced

/ccs/home/adeesha/research/newlatestnek5000/Cmtnek-gpu/Nek5000/core/cmt/diffusive_cmt_cuda.cu(543): warning: variable "si3" was declared but never referenced

/ccs/home/adeesha/research/newlatestnek5000/Cmtnek-gpu/Nek5000/core/cmt/diffusive_cmt_cuda.cu(544): warning: variable "udiff" was set but never used

/ccs/home/adeesha/research/newlatestnek5000/Cmtnek-gpu/Nek5000/core/cmt/diffusive_cmt_cuda.cu(545): warning: variable "utrans" was declared but never referenced

/ccs/home/adeesha/research/newlatestnek5000/Cmtnek-gpu/Nek5000/core/cmt/diffusive_cmt_cuda.cu(546): warning: variable "cbu1" was declared but never referenced

/ccs/home/adeesha/research/newlatestnek5000/Cmtnek-gpu/Nek5000/core/cmt/diffusive_cmt_cuda.cu(547): warning: variable "cbu2" was declared but never referenced

/ccs/home/adeesha/research/newlatestnek5000/Cmtnek-gpu/Nek5000/core/cmt/diffusive_cmt_cuda.cu(548): warning: variable "cbu3" was declared but never referenced

/ccs/home/adeesha/research/newlatestnek5000/Cmtnek-gpu/Nek5000/core/cmt/diffusive_cmt_cuda.cu(552): warning: variable "varsic" was set but never used

/ccs/home/adeesha/research/newlatestnek5000/Cmtnek-gpu/Nek5000/core/cmt/diffusive_cmt_cuda.cu(559): warning: variable "pres" was declared but never referenced

/ccs/home/adeesha/research/newlatestnek5000/Cmtnek-gpu/Nek5000/core/cmt/diffusive_cmt_cuda.cu(560): warning: variable "cv" was set but never used

/ccs/home/adeesha/research/newlatestnek5000/Cmtnek-gpu/Nek5000/core/cmt/diffusive_cmt_cuda.cu(560): warning: variable "cp" was set but never used

/ccs/home/adeesha/research/newlatestnek5000/Cmtnek-gpu/Nek5000/core/cmt/diffusive_cmt_cuda.cu(565): warning: variable "asnd" was declared but never referenced

/ccs/home/adeesha/research/newlatestnek5000/Cmtnek-gpu/Nek5000/core/cmt/diffusive_cmt_cuda.cu(566): warning: variable "mu" was declared but never referenced

/ccs/home/adeesha/research/newlatestnek5000/Cmtnek-gpu/Nek5000/core/cmt/diffusive_cmt_cuda.cu(568): warning: variable "lambda" was declared but never referenced

/ccs/home/adeesha/research/newlatestnek5000/Cmtnek-gpu/Nek5000/core/cmt/diffusive_cmt_cuda.cu(570): warning: variable "molarmass" was declared but never referenced

/ccs/home/adeesha/research/newlatestnek5000/Cmtnek-gpu/Nek5000/core/cmt/diffusive_cmt_cuda.cu(614): warning: variable "z" was declared but never referenced

/ccs/home/adeesha/research/newlatestnek5000/Cmtnek-gpu/Nek5000/core/cmt/diffusive_cmt_cuda.cu(616): warning: variable "theta" was set but never used

/ccs/home/adeesha/research/newlatestnek5000/Cmtnek-gpu/Nek5000/core/cmt/diffusive_cmt_cuda.cu(624): warning: variable "ps" was set but never used

/ccs/home/adeesha/research/newlatestnek5000/Cmtnek-gpu/Nek5000/core/cmt/diffusive_cmt_cuda.cu(628): warning: variable "pa" was declared but never referenced

/ccs/home/adeesha/research/newlatestnek5000/Cmtnek-gpu/Nek5000/core/cmt/diffusive_cmt_cuda.cu(629): warning: variable "p0" was declared but never referenced

/ccs/home/adeesha/research/newlatestnek5000/Cmtnek-gpu/Nek5000/core/cmt/diffusive_cmt_cuda.cu(630): warning: variable "si2" was declared but never referenced

/ccs/home/adeesha/research/newlatestnek5000/Cmtnek-gpu/Nek5000/core/cmt/diffusive_cmt_cuda.cu(631): warning: variable "si3" was declared but never referenced

/ccs/home/adeesha/research/newlatestnek5000/Cmtnek-gpu/Nek5000/core/cmt/diffusive_cmt_cuda.cu(632): warning: variable "udiff" was set but never used

/ccs/home/adeesha/research/newlatestnek5000/Cmtnek-gpu/Nek5000/core/cmt/diffusive_cmt_cuda.cu(633): warning: variable "utrans" was declared but never referenced

/ccs/home/adeesha/research/newlatestnek5000/Cmtnek-gpu/Nek5000/core/cmt/diffusive_cmt_cuda.cu(634): warning: variable "cbu1" was declared but never referenced

/ccs/home/adeesha/research/newlatestnek5000/Cmtnek-gpu/Nek5000/core/cmt/diffusive_cmt_cuda.cu(635): warning: variable "cbu2" was declared but never referenced

/ccs/home/adeesha/research/newlatestnek5000/Cmtnek-gpu/Nek5000/core/cmt/diffusive_cmt_cuda.cu(636): warning: variable "cbu3" was declared but never referenced

/ccs/home/adeesha/research/newlatestnek5000/Cmtnek-gpu/Nek5000/core/cmt/diffusive_cmt_cuda.cu(640): warning: variable "varsic" was set but never used

/ccs/home/adeesha/research/newlatestnek5000/Cmtnek-gpu/Nek5000/core/cmt/diffusive_cmt_cuda.cu(647): warning: variable "pres" was declared but never referenced

/ccs/home/adeesha/research/newlatestnek5000/Cmtnek-gpu/Nek5000/core/cmt/diffusive_cmt_cuda.cu(648): warning: variable "cv" was set but never used

/ccs/home/adeesha/research/newlatestnek5000/Cmtnek-gpu/Nek5000/core/cmt/diffusive_cmt_cuda.cu(648): warning: variable "cp" was set but never used

/ccs/home/adeesha/research/newlatestnek5000/Cmtnek-gpu/Nek5000/core/cmt/diffusive_cmt_cuda.cu(653): warning: variable "asnd" was declared but never referenced

/ccs/home/adeesha/research/newlatestnek5000/Cmtnek-gpu/Nek5000/core/cmt/diffusive_cmt_cuda.cu(654): warning: variable "mu" was declared but never referenced

/ccs/home/adeesha/research/newlatestnek5000/Cmtnek-gpu/Nek5000/core/cmt/diffusive_cmt_cuda.cu(656): warning: variable "lambda" was declared but never referenced

/ccs/home/adeesha/research/newlatestnek5000/Cmtnek-gpu/Nek5000/core/cmt/diffusive_cmt_cuda.cu(658): warning: variable "molarmass" was declared but never referenced

/ccs/home/adeesha/research/newlatestnek5000/Cmtnek-gpu/Nek5000/core/cmt/diffusive_cmt_cuda.cu(174): warning: variable "ieg" was declared but never referenced

/ccs/home/adeesha/research/newlatestnek5000/Cmtnek-gpu/Nek5000/core/cmt/diffusive_cmt_cuda.cu(692): warning: variable "iy" was declared but never referenced

/ccs/home/adeesha/research/newlatestnek5000/Cmtnek-gpu/Nek5000/core/cmt/diffusive_cmt_cuda.cu(693): warning: variable "iz" was declared but never referenced

/ccs/home/adeesha/research/newlatestnek5000/Cmtnek-gpu/Nek5000/core/cmt/diffusive_cmt_cuda.cu(694): warning: variable "ix" was declared but never referenced

/ccs/home/adeesha/research/newlatestnek5000/Cmtnek-gpu/Nek5000/core/cmt/diffusive_cmt_cuda.cu(170): warning: variable "cb2" was declared but never referenced

/ccs/home/adeesha/research/newlatestnek5000/Cmtnek-gpu/Nek5000/core/cmt/diffusive_cmt_cuda.cu(171): warning: variable "cb3" was declared but never referenced

ftn -mcmodel=medium -c  -O2 -r8 -Mpreprocess -DCMTNEK -DMPI -DUNDERSCORE -DTIMER -DMPITIMER -DGLOBAL_LONG_LONG -I/ccs/home/adeesha/research/newlatestnek5000/Cmtnek-gpu/CMT/uniform_flow -I/ccs/home/adeesha/research/newlatestnek5000/Cmtnek-gpu/Nek5000/core -I./ -I /ccs/home/adeesha/research/newlatestnek5000/Cmtnek-gpu/Nek5000/core/cmt /ccs/home/adeesha/research/newlatestnek5000/Cmtnek-gpu/CMT/uniform_flow/uniform.f  -o obj/uniform.o 
ftn -mcmodel=medium -o nek5000 obj/uniform.o obj/drive.o obj/drive1.o obj/drive2.o obj/plan4.o obj/bdry.o obj/coef.o obj/conduct.o obj/connect1.o obj/connect2.o obj/dssum.o obj/edgec.o obj/eigsolv.o obj/gauss.o obj/genxyz.o obj/navier1.o obj/makeq.o obj/navier0.o obj/navier2.o obj/navier3.o obj/navier4.o obj/prepost.o obj/speclib.o obj/map2.o obj/turb.o obj/mvmesh.o obj/ic.o obj/ssolv.o obj/planx.o obj/math.o obj/mxm_wrapper.o obj/hmholtz.o obj/gfdm_par.o obj/gfdm_op.o obj/gfdm_solve.o obj/subs1.o obj/subs2.o obj/genbox.o obj/gmres.o obj/hsmg.o obj/convect.o obj/induct.o obj/perturb.o obj/navier5.o obj/navier6.o obj/navier7.o obj/navier8.o obj/loadbal.o obj/reptSubrt.o obj/fast3d.o obj/fasts.o obj/calcz.o obj/byte.o obj/chelpers.o obj/byte_mpi.o obj/postpro.o obj/cvode_driver.o obj/nek_comm.o obj/vprops.o obj/makeq_aux.o obj/papi.o obj/nek_in_situ.o obj/readat_new.o obj/reader_re2.o obj/finiparser.o obj/iniparser.o obj/dictionary.o obj/artvisc.o obj/cmtparticles.o obj/mxm_std.o obj/comm_mpi.o obj/singlmesh.o obj/blas.o obj/dsygv.o obj/ssygv.o obj/drive1_cmt.o obj/drive2_cmt.o obj/driver3_cmt.o obj/face.o obj/ausm.o obj/MixtPerf.o obj/intpdiff.o obj/diffusive_cmt.o obj/eqnsolver_cmt.o obj/surface_fluxes.o obj/bc.o obj/inflow_bc.o obj/outflow_bc.o obj/wall_bc.o obj/step.o obj/filters_cmt.o obj/diagnostics.o obj/drive1_cmt_gpu.o obj/cmtparticles_gpu.o obj/artvisc_gpu.o obj/step_gpu.o obj/driver3_cmt_gpu.o obj/diffusive_cmt_gpu.o obj/surface_fluxes_gpu.o obj/bc_gpu.o obj/eqnsolver_cmt_gpu.o obj/drive1_gpu.o obj/particles-cuda.o obj/artvisc_cuda.o obj/driver3_cmt_cuda.o obj/step_cuda.o obj/diffusive_cmt_cuda.o obj/surface_fluxes_cuda.o obj/bc_cuda.o obj/eqnsolver_cmt_cuda.o obj/cuda_helpers.o obj/jl_gs.o obj/jl_sort.o obj/jl_sarray_transfer.o obj/jl_sarray_sort.o obj/jl_gs_local.o obj/jl_crystal.o obj/jl_comm.o obj/jl_tensor.o obj/jl_fail.o obj/jl_fcrystal.o obj/jl_findpts.o obj/jl_findpts_local.o obj/jl_obbox.o obj/jl_poly.o obj/jl_lob_bnd.o obj/jl_findpts_el_3.o obj/jl_findpts_el_2.o obj/jl_sparse_cholesky.o obj/jl_xxt.o obj/jl_fcrs.o  -lcuda -lcudart -lcublas -Mcuda -lstdc++

#############################################################
#                  Compilation successful!                  #
#############################################################


